<?xml version="1.0" encoding="UTF-8"?>
<!-- Generated by org.testng.reporters.JUnitXMLReporter -->
<testsuite hostname="XIPL0425" ignored="0" name="Test" tests="6" failures="0" timestamp="18 Jan 2019 13:30:28 GMT" time="0.041" errors="0">
  <testcase name="doLogin" time="0.003" classname="simplyautomation.ApplicationTest"/>
  <testcase name="doLogin" time="0.001" classname="simplyautomation.ApplicationTest2"/>
  <testcase name="changePassword" time="0.001" classname="simplyautomation.ApplicationTest"/>
  <testcase name="changePassword" time="0.001" classname="simplyautomation.ApplicationTest2"/>
  <testcase name="doLogout" time="0.001" classname="simplyautomation.ApplicationTest"/>
  <testcase name="doLogout" time="0.001" classname="simplyautomation.ApplicationTest2"/>
</testsuite> <!-- Test -->
