<?xml version="1.0" encoding="UTF-8"?>
<!-- Generated by org.testng.reporters.JUnitXMLReporter -->
<testsuite hostname="XIPL0425" ignored="0" name="Default test" tests="3" failures="0" timestamp="18 Jan 2019 10:36:08 GMT" time="0.035" errors="0">
  <testcase name="doLogin" time="0.003" classname="simplyautomation.ApplicationTest"/>
  <testcase name="changePassword" time="0.001" classname="simplyautomation.ApplicationTest"/>
  <testcase name="doLogout" time="0.001" classname="simplyautomation.ApplicationTest"/>
</testsuite> <!-- Default test -->
