<?xml version="1.0" encoding="UTF-8"?>
<testng-results skipped="0" failed="0" ignored="0" total="6" passed="6">
  <reporter-output>
  </reporter-output>
  <suite name="Test Batch" duration-ms="41" started-at="2019-01-18T13:30:28Z" finished-at="2019-01-18T13:30:28Z">
    <groups>
    </groups>
    <test name="Test" duration-ms="41" started-at="2019-01-18T13:30:28Z" finished-at="2019-01-18T13:30:28Z">
      <class name="simplyautomation.ApplicationTest2">
        <test-method status="PASS" signature="doLogin()[pri:0, instance:simplyautomation.ApplicationTest2@100fc185]" name="doLogin" duration-ms="1" started-at="2019-01-18T13:30:28Z" finished-at="2019-01-18T13:30:28Z">
          <reporter-output>
          </reporter-output>
        </test-method> <!-- doLogin -->
        <test-method status="PASS" signature="beforeMethod()[pri:0, instance:simplyautomation.ApplicationTest2@100fc185]" name="beforeMethod" is-config="true" duration-ms="0" started-at="2019-01-18T13:30:28Z" finished-at="2019-01-18T13:30:28Z">
          <reporter-output>
          </reporter-output>
        </test-method> <!-- beforeMethod -->
        <test-method status="PASS" signature="afterMethod()[pri:0, instance:simplyautomation.ApplicationTest2@100fc185]" name="afterMethod" is-config="true" duration-ms="0" started-at="2019-01-18T13:30:28Z" finished-at="2019-01-18T13:30:28Z">
          <reporter-output>
          </reporter-output>
        </test-method> <!-- afterMethod -->
        <test-method status="PASS" signature="beforeMethod()[pri:0, instance:simplyautomation.ApplicationTest2@100fc185]" name="beforeMethod" is-config="true" duration-ms="0" started-at="2019-01-18T13:30:28Z" finished-at="2019-01-18T13:30:28Z">
          <reporter-output>
          </reporter-output>
        </test-method> <!-- beforeMethod -->
        <test-method status="PASS" signature="changePassword()[pri:1, instance:simplyautomation.ApplicationTest2@100fc185]" name="changePassword" duration-ms="1" started-at="2019-01-18T13:30:28Z" finished-at="2019-01-18T13:30:28Z">
          <reporter-output>
          </reporter-output>
        </test-method> <!-- changePassword -->
        <test-method status="PASS" signature="afterMethod()[pri:0, instance:simplyautomation.ApplicationTest2@100fc185]" name="afterMethod" is-config="true" duration-ms="0" started-at="2019-01-18T13:30:28Z" finished-at="2019-01-18T13:30:28Z">
          <reporter-output>
          </reporter-output>
        </test-method> <!-- afterMethod -->
        <test-method status="PASS" signature="doLogout()[pri:2, instance:simplyautomation.ApplicationTest2@100fc185]" name="doLogout" duration-ms="1" started-at="2019-01-18T13:30:28Z" finished-at="2019-01-18T13:30:28Z">
          <reporter-output>
          </reporter-output>
        </test-method> <!-- doLogout -->
        <test-method status="PASS" signature="beforeMethod()[pri:0, instance:simplyautomation.ApplicationTest2@100fc185]" name="beforeMethod" is-config="true" duration-ms="0" started-at="2019-01-18T13:30:28Z" finished-at="2019-01-18T13:30:28Z">
          <reporter-output>
          </reporter-output>
        </test-method> <!-- beforeMethod -->
        <test-method status="PASS" signature="afterMethod()[pri:0, instance:simplyautomation.ApplicationTest2@100fc185]" name="afterMethod" is-config="true" duration-ms="1" started-at="2019-01-18T13:30:28Z" finished-at="2019-01-18T13:30:28Z">
          <reporter-output>
          </reporter-output>
        </test-method> <!-- afterMethod -->
      </class> <!-- simplyautomation.ApplicationTest2 -->
      <class name="simplyautomation.ApplicationTest">
        <test-method status="PASS" signature="initializeTest()[pri:0, instance:simplyautomation.ApplicationTest@3a82f6ef]" name="initializeTest" is-config="true" duration-ms="8" started-at="2019-01-18T13:30:28Z" finished-at="2019-01-18T13:30:28Z">
          <reporter-output>
          </reporter-output>
        </test-method> <!-- initializeTest -->
        <test-method status="PASS" signature="initializeTest()[pri:0, instance:simplyautomation.ApplicationTest2@100fc185]" name="initializeTest" is-config="true" duration-ms="0" started-at="2019-01-18T13:30:28Z" finished-at="2019-01-18T13:30:28Z">
          <reporter-output>
          </reporter-output>
        </test-method> <!-- initializeTest -->
        <test-method status="PASS" signature="beforeMethod()[pri:0, instance:simplyautomation.ApplicationTest@3a82f6ef]" name="beforeMethod" is-config="true" duration-ms="1" started-at="2019-01-18T13:30:28Z" finished-at="2019-01-18T13:30:28Z">
          <reporter-output>
          </reporter-output>
        </test-method> <!-- beforeMethod -->
        <test-method status="PASS" signature="doLogin()[pri:0, instance:simplyautomation.ApplicationTest@3a82f6ef]" name="doLogin" duration-ms="3" started-at="2019-01-18T13:30:28Z" finished-at="2019-01-18T13:30:28Z">
          <reporter-output>
          </reporter-output>
        </test-method> <!-- doLogin -->
        <test-method status="PASS" signature="afterMethod()[pri:0, instance:simplyautomation.ApplicationTest@3a82f6ef]" name="afterMethod" is-config="true" duration-ms="0" started-at="2019-01-18T13:30:28Z" finished-at="2019-01-18T13:30:28Z">
          <reporter-output>
          </reporter-output>
        </test-method> <!-- afterMethod -->
        <test-method status="PASS" signature="beforeMethod()[pri:0, instance:simplyautomation.ApplicationTest@3a82f6ef]" name="beforeMethod" is-config="true" duration-ms="0" started-at="2019-01-18T13:30:28Z" finished-at="2019-01-18T13:30:28Z">
          <reporter-output>
          </reporter-output>
        </test-method> <!-- beforeMethod -->
        <test-method status="PASS" signature="changePassword()[pri:1, instance:simplyautomation.ApplicationTest@3a82f6ef]" name="changePassword" duration-ms="1" started-at="2019-01-18T13:30:28Z" finished-at="2019-01-18T13:30:28Z">
          <reporter-output>
          </reporter-output>
        </test-method> <!-- changePassword -->
        <test-method status="PASS" signature="afterMethod()[pri:0, instance:simplyautomation.ApplicationTest@3a82f6ef]" name="afterMethod" is-config="true" duration-ms="0" started-at="2019-01-18T13:30:28Z" finished-at="2019-01-18T13:30:28Z">
          <reporter-output>
          </reporter-output>
        </test-method> <!-- afterMethod -->
        <test-method status="PASS" signature="beforeMethod()[pri:0, instance:simplyautomation.ApplicationTest@3a82f6ef]" name="beforeMethod" is-config="true" duration-ms="0" started-at="2019-01-18T13:30:28Z" finished-at="2019-01-18T13:30:28Z">
          <reporter-output>
          </reporter-output>
        </test-method> <!-- beforeMethod -->
        <test-method status="PASS" signature="doLogout()[pri:2, instance:simplyautomation.ApplicationTest@3a82f6ef]" name="doLogout" duration-ms="1" started-at="2019-01-18T13:30:28Z" finished-at="2019-01-18T13:30:28Z">
          <reporter-output>
          </reporter-output>
        </test-method> <!-- doLogout -->
        <test-method status="PASS" signature="afterMethod()[pri:0, instance:simplyautomation.ApplicationTest@3a82f6ef]" name="afterMethod" is-config="true" duration-ms="1" started-at="2019-01-18T13:30:28Z" finished-at="2019-01-18T13:30:28Z">
          <reporter-output>
          </reporter-output>
        </test-method> <!-- afterMethod -->
        <test-method status="PASS" signature="afterTest()[pri:0, instance:simplyautomation.ApplicationTest@3a82f6ef]" name="afterTest" is-config="true" duration-ms="0" started-at="2019-01-18T13:30:28Z" finished-at="2019-01-18T13:30:28Z">
          <reporter-output>
          </reporter-output>
        </test-method> <!-- afterTest -->
        <test-method status="PASS" signature="afterTest()[pri:0, instance:simplyautomation.ApplicationTest2@100fc185]" name="afterTest" is-config="true" duration-ms="0" started-at="2019-01-18T13:30:28Z" finished-at="2019-01-18T13:30:28Z">
          <reporter-output>
          </reporter-output>
        </test-method> <!-- afterTest -->
      </class> <!-- simplyautomation.ApplicationTest -->
    </test> <!-- Test -->
  </suite> <!-- Test Batch -->
</testng-results>
